<?xml version="1.0" encoding="UTF-8"?>
<!-- Generated by org.testng.reporters.JUnitXMLReporter -->
<testsuite ignored="3" hostname="Vinoth" failures="0" tests="0" time="0.006" errors="0" timestamp="2025-06-22T12:40:29 IST">
  <testcase classname="withBBD.getAllUsers" name="UpdateUserBDD" time="0.0">
    <ignored/>
  </testcase> <!-- UpdateUserBDD -->
  <testcase classname="withBBD.getAllUsers" name="getUserNameBBD" time="0.0">
    <ignored/>
  </testcase> <!-- getUserNameBBD -->
  <testcase classname="withBBD.getAllUsers" name="CreateUserBBD" time="0.0">
    <ignored/>
  </testcase> <!-- CreateUserBBD -->
</testsuite>
