<?xml version="1.0" encoding="UTF-8"?>
<!-- Generated by org.testng.reporters.JUnitXMLReporter -->
<testsuite ignored="0" hostname="Vinoth" failures="0" tests="13" name="Default test" time="10.268" errors="0" timestamp="2025-07-13T12:16:30 IST">
  <testcase classname="tests.DynamicallyApi3" name="getUserName_Positive" time="3.251"/>
  <testcase classname="tests.DynamicallyApi3" name="createUser_Positive" time="0.752"/>
  <testcase classname="tests.DynamicallyApi3" name="updateUser_Positive" time="0.817"/>
  <testcase classname="tests.DynamicallyApi3" name="deleteUser_Positive" time="0.607"/>
  <testcase classname="tests.DynamicallyApi3" name="getUserName_Negative" time="0.294"/>
  <testcase classname="tests.DynamicallyApi3" name="createUser_Negative_EmptyPayload" time="0.52"/>
  <testcase classname="tests.DynamicallyApi3" name="updateUser_Negative_InvalidUser" time="0.578"/>
  <testcase classname="tests.DynamicallyApi3" name="deleteUser_Negative_InvalidUser" time="0.61"/>
  <testcase classname="tests.DynamicallyApi3" name="getUser_InvalidParam" time="0.309"/>
  <testcase classname="tests.DynamicallyApi3" name="createUser_MalformedJson" time="0.608"/>
  <testcase classname="tests.DynamicallyApi3" name="updateUser_EmptyBody" time="0.63"/>
  <testcase classname="tests.DynamicallyApi3" name="deleteUser_InvalidMethod" time="0.595"/>
  <testcase classname="tests.DynamicallyApi3" name="createUser_MissingApiKey" time="0.609"/>
</testsuite> <!-- Default test -->
